# JRE version: OpenJDK Runtime Environment (8.0_202-b03) (build 1.8.0_202-release-1483-b03)
# Java VM: OpenJDK 64-Bit Server VM (25.202-b03 mixed mode windows-amd64 compressed oops)
Heap:
 PSYoungGen      total 423424K, used 43488K [0x00000000e0000000, 0x00000000fbd00000, 0x0000000100000000)
  eden space 398848K, 10% used [0x00000000e0000000,0x00000000e2a78240,0x00000000f8580000)
  from space 24576K, 0% used [0x00000000f8580000,0x00000000f8580000,0x00000000f9d80000)
  to   space 14848K, 0% used [0x00000000f9d80000,0x00000000f9d80000,0x00000000fac00000)
 ParOldGen       total 179200K, used 28587K [0x00000000a0000000, 0x00000000aaf00000, 0x00000000e0000000)
  object space 179200K, 15% used [0x00000000a0000000,0x00000000a1beac48,0x00000000aaf00000)
 Metaspace       used 57506K, capacity 59094K, committed 59736K, reserved 1101824K
  class space    used 7796K, capacity 8206K, committed 8320K, reserved 1048576K
GC Heap History (10 events):
Event: 13.221 GC heap before
{Heap before GC invocations=6 (full 1):
 PSYoungGen      total 239616K, used 78233K [0x00000000e0000000, 0x00000000f1300000, 0x0000000100000000)
  eden space 228864K, 29% used [0x00000000e0000000,0x00000000e41e9ee0,0x00000000edf80000)
  from space 10752K, 99% used [0x00000000f0880000,0x00000000f12fc7e8,0x00000000f1300000)
  to   space 10752K, 0% used [0x00000000efe00000,0x00000000efe00000,0x00000000f0880000)
 ParOldGen       total 91648K, used 12730K [0x00000000a0000000, 0x00000000a5980000, 0x00000000e0000000)
  object space 91648K, 13% used [0x00000000a0000000,0x00000000a0c6e850,0x00000000a5980000)
 Metaspace       used 34651K, capacity 35278K, committed 35416K, reserved 1079296K
  class space    used 4754K, capacity 4950K, committed 4992K, reserved 1048576K
Event: 13.266 GC heap after
Heap after GC invocations=6 (full 1):
 PSYoungGen      total 270848K, used 10746K [0x00000000e0000000, 0x00000000fac00000, 0x0000000100000000)
  eden space 260096K, 0% used [0x00000000e0000000,0x00000000e0000000,0x00000000efe00000)
  from space 10752K, 99% used [0x00000000efe00000,0x00000000f087e8d8,0x00000000f0880000)
  to   space 14848K, 0% used [0x00000000f9d80000,0x00000000f9d80000,0x00000000fac00000)
 ParOldGen       total 91648K, used 13418K [0x00000000a0000000, 0x00000000a5980000, 0x00000000e0000000)
  object space 91648K, 14% used [0x00000000a0000000,0x00000000a0d1a9b0,0x00000000a5980000)
 Metaspace       used 34651K, capacity 35278K, committed 35416K, reserved 1079296K
  class space    used 4754K, capacity 4950K, committed 4992K, reserved 1048576K
}
Event: 13.266 GC heap before
{Heap before GC invocations=7 (full 2):
 PSYoungGen      total 270848K, used 10746K [0x00000000e0000000, 0x00000000fac00000, 0x0000000100000000)
  eden space 260096K, 0% used [0x00000000e0000000,0x00000000e0000000,0x00000000efe00000)
  from space 10752K, 99% used [0x00000000efe00000,0x00000000f087e8d8,0x00000000f0880000)
  to   space 14848K, 0% used [0x00000000f9d80000,0x00000000f9d80000,0x00000000fac00000)
 ParOldGen       total 91648K, used 13418K [0x00000000a0000000, 0x00000000a5980000, 0x00000000e0000000)
  object space 91648K, 14% used [0x00000000a0000000,0x00000000a0d1a9b0,0x00000000a5980000)
 Metaspace       used 34651K, capacity 35278K, committed 35416K, reserved 1079296K
  class space    used 4754K, capacity 4950K, committed 4992K, reserved 1048576K
Event: 13.386 GC heap after
Heap after GC invocations=7 (full 2):
 PSYoungGen      total 270848K, used 0K [0x00000000e0000000, 0x00000000fac00000, 0x0000000100000000)
  eden space 260096K, 0% used [0x00000000e0000000,0x00000000e0000000,0x00000000efe00000)
  from space 10752K, 0% used [0x00000000efe00000,0x00000000efe00000,0x00000000f0880000)
  to   space 14848K, 0% used [0x00000000f9d80000,0x00000000f9d80000,0x00000000fac00000)
 ParOldGen       total 132096K, used 18805K [0x00000000a0000000, 0x00000000a8100000, 0x00000000e0000000)
  object space 132096K, 14% used [0x00000000a0000000,0x00000000a125d698,0x00000000a8100000)
 Metaspace       used 34619K, capacity 35176K, committed 35416K, reserved 1079296K
  class space    used 4745K, capacity 4933K, committed 4992K, reserved 1048576K
}
Event: 20.468 GC heap before
{Heap before GC invocations=8 (full 2):
 PSYoungGen      total 270848K, used 260096K [0x00000000e0000000, 0x00000000fac00000, 0x0000000100000000)
  eden space 260096K, 100% used [0x00000000e0000000,0x00000000efe00000,0x00000000efe00000)
  from space 10752K, 0% used [0x00000000efe00000,0x00000000efe00000,0x00000000f0880000)
  to   space 14848K, 0% used [0x00000000f9d80000,0x00000000f9d80000,0x00000000fac00000)
 ParOldGen       total 132096K, used 18805K [0x00000000a0000000, 0x00000000a8100000, 0x00000000e0000000)
  object space 132096K, 14% used [0x00000000a0000000,0x00000000a125d6a8,0x00000000a8100000)
 Metaspace       used 56363K, capacity 57806K, committed 57944K, reserved 1099776K
  class space    used 7640K, capacity 7976K, committed 8064K, reserved 1048576K
Event: 20.531 GC heap after
Heap after GC invocations=8 (full 2):
 PSYoungGen      total 413696K, used 14823K [0x00000000e0000000, 0x00000000fbd00000, 0x0000000100000000)
  eden space 398848K, 0% used [0x00000000e0000000,0x00000000e0000000,0x00000000f8580000)
  from space 14848K, 99% used [0x00000000f9d80000,0x00000000fabf9d90,0x00000000fac00000)
  to   space 24576K, 0% used [0x00000000f8580000,0x00000000f8580000,0x00000000f9d80000)
 ParOldGen       total 132096K, used 33103K [0x00000000a0000000, 0x00000000a8100000, 0x00000000e0000000)
  object space 132096K, 25% used [0x00000000a0000000,0x00000000a2053f48,0x00000000a8100000)
 Metaspace       used 56363K, capacity 57806K, committed 57944K, reserved 1099776K
  class space    used 7640K, capacity 7976K, committed 8064K, reserved 1048576K
}
Event: 21.273 GC heap before
{Heap before GC invocations=9 (full 2):
 PSYoungGen      total 413696K, used 42675K [0x00000000e0000000, 0x00000000fbd00000, 0x0000000100000000)
  eden space 398848K, 6% used [0x00000000e0000000,0x00000000e1b33238,0x00000000f8580000)
  from space 14848K, 99% used [0x00000000f9d80000,0x00000000fabf9d90,0x00000000fac00000)
  to   space 24576K, 0% used [0x00000000f8580000,0x00000000f8580000,0x00000000f9d80000)
 ParOldGen       total 132096K, used 33103K [0x00000000a0000000, 0x00000000a8100000, 0x00000000e0000000)
  object space 132096K, 25% used [0x00000000a0000000,0x00000000a2053f48,0x00000000a8100000)
 Metaspace       used 57101K, capacity 58868K, committed 59028K, reserved 1099776K
  class space    used 7788K, capacity 8211K, committed 8320K, reserved 1048576K
Event: 21.344 GC heap after
Heap after GC invocations=9 (full 2):
 PSYoungGen      total 423424K, used 14981K [0x00000000e0000000, 0x00000000fbd00000, 0x0000000100000000)
  eden space 398848K, 0% used [0x00000000e0000000,0x00000000e0000000,0x00000000f8580000)
  from space 24576K, 60% used [0x00000000f8580000,0x00000000f94217c0,0x00000000f9d80000)
  to   space 14848K, 0% used [0x00000000f9d80000,0x00000000f9d80000,0x00000000fac00000)
 ParOldGen       total 132096K, used 33111K [0x00000000a0000000, 0x00000000a8100000, 0x00000000e0000000)
  object space 132096K, 25% used [0x00000000a0000000,0x00000000a2055f48,0x00000000a8100000)
 Metaspace       used 57101K, capacity 58868K, committed 59028K, reserved 1099776K
  class space    used 7788K, capacity 8211K, committed 8320K, reserved 1048576K
}
Event: 21.344 GC heap before
{Heap before GC invocations=10 (full 3):
 PSYoungGen      total 423424K, used 14981K [0x00000000e0000000, 0x00000000fbd00000, 0x0000000100000000)
  eden space 398848K, 0% used [0x00000000e0000000,0x00000000e0000000,0x00000000f8580000)
  from space 24576K, 60% used [0x00000000f8580000,0x00000000f94217c0,0x00000000f9d80000)
  to   space 14848K, 0% used [0x00000000f9d80000,0x00000000f9d80000,0x00000000fac00000)
 ParOldGen       total 132096K, used 33111K [0x00000000a0000000, 0x00000000a8100000, 0x00000000e0000000)
  object space 132096K, 25% used [0x00000000a0000000,0x00000000a2055f48,0x00000000a8100000)
 Metaspace       used 57101K, capacity 58868K, committed 59028K, reserved 1099776K
  class space    used 7788K, capacity 8211K, committed 8320K, reserved 1048576K
Event: 21.818 GC heap after
Heap after GC invocations=10 (full 3):
 PSYoungGen      total 423424K, used 0K [0x00000000e0000000, 0x00000000fbd00000, 0x0000000100000000)
  eden space 398848K, 0% used [0x00000000e0000000,0x00000000e0000000,0x00000000f8580000)
  from space 24576K, 0% used [0x00000000f8580000,0x00000000f8580000,0x00000000f9d80000)
  to   space 14848K, 0% used [0x00000000f9d80000,0x00000000f9d80000,0x00000000fac00000)
 ParOldGen       total 179200K, used 28587K [0x00000000a0000000, 0x00000000aaf00000, 0x00000000e0000000)
  object space 179200K, 15% used [0x00000000a0000000,0x00000000a1beac48,0x00000000aaf00000)
 Metaspace       used 56947K, capacity 58440K, committed 59028K, reserved 1099776K
  class space    used 7741K, capacity 8127K, committed 8320K, reserved 1048576K
}

