# JRE version: OpenJDK Runtime Environment (8.0_202-b03) (build 1.8.0_202-release-1483-b03)
# Java VM: OpenJDK 64-Bit Server VM (25.202-b03 mixed mode windows-amd64 compressed oops)
Heap:
 PSYoungGen      total 122880K, used 58825K [0x00000000e0000000, 0x00000000eb380000, 0x0000000100000000)
  eden space 109568K, 41% used [0x00000000e0000000,0x00000000e2c755a0,0x00000000e6b00000)
  from space 13312K, 99% used [0x00000000e6b00000,0x00000000e77fd1d0,0x00000000e7800000)
  to   space 15872K, 0% used [0x00000000ea400000,0x00000000ea400000,0x00000000eb380000)
 ParOldGen       total 126976K, used 19546K [0x00000000a0000000, 0x00000000a7c00000, 0x00000000e0000000)
  object space 126976K, 15% used [0x00000000a0000000,0x00000000a1316960,0x00000000a7c00000)
 Metaspace       used 47901K, capacity 49498K, committed 49664K, reserved 1091584K
  class space    used 6455K, capacity 6797K, committed 6912K, reserved 1048576K
GC Heap History (10 events):
Event: 9.900 GC heap before
{Heap before GC invocations=5 (full 1):
 PSYoungGen      total 75776K, used 65024K [0x00000000e0000000, 0x00000000e5480000, 0x0000000100000000)
  eden space 65024K, 100% used [0x00000000e0000000,0x00000000e3f80000,0x00000000e3f80000)
  from space 10752K, 0% used [0x00000000e3f80000,0x00000000e3f80000,0x00000000e4a00000)
  to   space 10752K, 0% used [0x00000000e4a00000,0x00000000e4a00000,0x00000000e5480000)
 ParOldGen       total 78848K, used 11847K [0x00000000a0000000, 0x00000000a4d00000, 0x00000000e0000000)
  object space 78848K, 15% used [0x00000000a0000000,0x00000000a0b91fc0,0x00000000a4d00000)
 Metaspace       used 28320K, capacity 28824K, committed 28928K, reserved 1075200K
  class space    used 3888K, capacity 4095K, committed 4096K, reserved 1048576K
Event: 9.905 GC heap after
Heap after GC invocations=5 (full 1):
 PSYoungGen      total 75776K, used 7822K [0x00000000e0000000, 0x00000000e5480000, 0x0000000100000000)
  eden space 65024K, 0% used [0x00000000e0000000,0x00000000e0000000,0x00000000e3f80000)
  from space 10752K, 72% used [0x00000000e4a00000,0x00000000e51a3ad8,0x00000000e5480000)
  to   space 10752K, 0% used [0x00000000e3f80000,0x00000000e3f80000,0x00000000e4a00000)
 ParOldGen       total 78848K, used 11855K [0x00000000a0000000, 0x00000000a4d00000, 0x00000000e0000000)
  object space 78848K, 15% used [0x00000000a0000000,0x00000000a0b93fc0,0x00000000a4d00000)
 Metaspace       used 28320K, capacity 28824K, committed 28928K, reserved 1075200K
  class space    used 3888K, capacity 4095K, committed 4096K, reserved 1048576K
}
Event: 10.559 GC heap before
{Heap before GC invocations=6 (full 1):
 PSYoungGen      total 75776K, used 72846K [0x00000000e0000000, 0x00000000e5480000, 0x0000000100000000)
  eden space 65024K, 100% used [0x00000000e0000000,0x00000000e3f80000,0x00000000e3f80000)
  from space 10752K, 72% used [0x00000000e4a00000,0x00000000e51a3ad8,0x00000000e5480000)
  to   space 10752K, 0% used [0x00000000e3f80000,0x00000000e3f80000,0x00000000e4a00000)
 ParOldGen       total 78848K, used 11855K [0x00000000a0000000, 0x00000000a4d00000, 0x00000000e0000000)
  object space 78848K, 15% used [0x00000000a0000000,0x00000000a0b93fc0,0x00000000a4d00000)
 Metaspace       used 31829K, capacity 32442K, committed 32640K, reserved 1077248K
  class space    used 4440K, capacity 4626K, committed 4736K, reserved 1048576K
Event: 10.567 GC heap after
Heap after GC invocations=6 (full 1):
 PSYoungGen      total 75776K, used 9936K [0x00000000e0000000, 0x00000000e8500000, 0x0000000100000000)
  eden space 65024K, 0% used [0x00000000e0000000,0x00000000e0000000,0x00000000e3f80000)
  from space 10752K, 92% used [0x00000000e3f80000,0x00000000e49341d0,0x00000000e4a00000)
  to   space 13312K, 0% used [0x00000000e7800000,0x00000000e7800000,0x00000000e8500000)
 ParOldGen       total 78848K, used 11863K [0x00000000a0000000, 0x00000000a4d00000, 0x00000000e0000000)
  object space 78848K, 15% used [0x00000000a0000000,0x00000000a0b95fc0,0x00000000a4d00000)
 Metaspace       used 31829K, capacity 32442K, committed 32640K, reserved 1077248K
  class space    used 4440K, capacity 4626K, committed 4736K, reserved 1048576K
}
Event: 11.202 GC heap before
{Heap before GC invocations=7 (full 1):
 PSYoungGen      total 75776K, used 57917K [0x00000000e0000000, 0x00000000e8500000, 0x0000000100000000)
  eden space 65024K, 73% used [0x00000000e0000000,0x00000000e2edb5d0,0x00000000e3f80000)
  from space 10752K, 92% used [0x00000000e3f80000,0x00000000e49341d0,0x00000000e4a00000)
  to   space 13312K, 0% used [0x00000000e7800000,0x00000000e7800000,0x00000000e8500000)
 ParOldGen       total 78848K, used 11863K [0x00000000a0000000, 0x00000000a4d00000, 0x00000000e0000000)
  object space 78848K, 15% used [0x00000000a0000000,0x00000000a0b95fc0,0x00000000a4d00000)
 Metaspace       used 34572K, capacity 35408K, committed 35456K, reserved 1079296K
  class space    used 4760K, capacity 4956K, committed 4992K, reserved 1048576K
Event: 11.215 GC heap after
Heap after GC invocations=7 (full 1):
 PSYoungGen      total 122880K, used 10826K [0x00000000e0000000, 0x00000000e8a00000, 0x0000000100000000)
  eden space 109568K, 0% used [0x00000000e0000000,0x00000000e0000000,0x00000000e6b00000)
  from space 13312K, 81% used [0x00000000e7800000,0x00000000e8292ae8,0x00000000e8500000)
  to   space 13312K, 0% used [0x00000000e6b00000,0x00000000e6b00000,0x00000000e7800000)
 ParOldGen       total 78848K, used 11871K [0x00000000a0000000, 0x00000000a4d00000, 0x00000000e0000000)
  object space 78848K, 15% used [0x00000000a0000000,0x00000000a0b97fc0,0x00000000a4d00000)
 Metaspace       used 34572K, capacity 35408K, committed 35456K, reserved 1079296K
  class space    used 4760K, capacity 4956K, committed 4992K, reserved 1048576K
}
Event: 11.215 GC heap before
{Heap before GC invocations=8 (full 2):
 PSYoungGen      total 122880K, used 10826K [0x00000000e0000000, 0x00000000e8a00000, 0x0000000100000000)
  eden space 109568K, 0% used [0x00000000e0000000,0x00000000e0000000,0x00000000e6b00000)
  from space 13312K, 81% used [0x00000000e7800000,0x00000000e8292ae8,0x00000000e8500000)
  to   space 13312K, 0% used [0x00000000e6b00000,0x00000000e6b00000,0x00000000e7800000)
 ParOldGen       total 78848K, used 11871K [0x00000000a0000000, 0x00000000a4d00000, 0x00000000e0000000)
  object space 78848K, 15% used [0x00000000a0000000,0x00000000a0b97fc0,0x00000000a4d00000)
 Metaspace       used 34572K, capacity 35408K, committed 35456K, reserved 1079296K
  class space    used 4760K, capacity 4956K, committed 4992K, reserved 1048576K
Event: 11.285 GC heap after
Heap after GC invocations=8 (full 2):
 PSYoungGen      total 122880K, used 0K [0x00000000e0000000, 0x00000000e8a00000, 0x0000000100000000)
  eden space 109568K, 0% used [0x00000000e0000000,0x00000000e0000000,0x00000000e6b00000)
  from space 13312K, 0% used [0x00000000e7800000,0x00000000e7800000,0x00000000e8500000)
  to   space 13312K, 0% used [0x00000000e6b00000,0x00000000e6b00000,0x00000000e7800000)
 ParOldGen       total 126976K, used 17377K [0x00000000a0000000, 0x00000000a7c00000, 0x00000000e0000000)
  object space 126976K, 13% used [0x00000000a0000000,0x00000000a10f8780,0x00000000a7c00000)
 Metaspace       used 34572K, capacity 35408K, committed 35456K, reserved 1079296K
  class space    used 4760K, capacity 4956K, committed 4992K, reserved 1048576K
}
Event: 12.411 GC heap before
{Heap before GC invocations=9 (full 2):
 PSYoungGen      total 122880K, used 109568K [0x00000000e0000000, 0x00000000e8a00000, 0x0000000100000000)
  eden space 109568K, 100% used [0x00000000e0000000,0x00000000e6b00000,0x00000000e6b00000)
  from space 13312K, 0% used [0x00000000e7800000,0x00000000e7800000,0x00000000e8500000)
  to   space 13312K, 0% used [0x00000000e6b00000,0x00000000e6b00000,0x00000000e7800000)
 ParOldGen       total 126976K, used 17377K [0x00000000a0000000, 0x00000000a7c00000, 0x00000000e0000000)
  object space 126976K, 13% used [0x00000000a0000000,0x00000000a10f8780,0x00000000a7c00000)
 Metaspace       used 44849K, capacity 46178K, committed 46336K, reserved 1089536K
  class space    used 6053K, capacity 6330K, committed 6400K, reserved 1048576K
Event: 12.434 GC heap after
Heap after GC invocations=9 (full 2):
 PSYoungGen      total 122880K, used 13300K [0x00000000e0000000, 0x00000000eb380000, 0x0000000100000000)
  eden space 109568K, 0% used [0x00000000e0000000,0x00000000e0000000,0x00000000e6b00000)
  from space 13312K, 99% used [0x00000000e6b00000,0x00000000e77fd1d0,0x00000000e7800000)
  to   space 15872K, 0% used [0x00000000ea400000,0x00000000ea400000,0x00000000eb380000)
 ParOldGen       total 126976K, used 19546K [0x00000000a0000000, 0x00000000a7c00000, 0x00000000e0000000)
  object space 126976K, 15% used [0x00000000a0000000,0x00000000a1316960,0x00000000a7c00000)
 Metaspace       used 44849K, capacity 46178K, committed 46336K, reserved 1089536K
  class space    used 6053K, capacity 6330K, committed 6400K, reserved 1048576K
}

